This is pdfTeX, Version 3.141592653-2.6-1.40.29 (MiKTeX 26.2) (preloaded format=pdflatex 2026.5.6)  12 MAY 2026 18:47
entering extended mode
 restricted \write18 enabled.
 %&-line parsing enabled.
**./main.tex
(main.tex
LaTeX2e <2025-11-01>
L3 programming layer <2026-03-20>
(C:\Users\louay\AppData\Local\Programs\MiKTeX\tex/latex/base\report.cls
Document Class: report 2025/01/22 v1.4n Standard LaTeX document class
(C:\Users\louay\AppData\Local\Programs\MiKTeX\tex/latex/base\size12.clo
File: size12.clo 2025/01/22 v1.4n Standard LaTeX file (size option)
)
\c@part=\count275
\c@chapter=\count276
\c@section=\count277
\c@subsection=\count278
\c@subsubsection=\count279
\c@paragraph=\count280
\c@subparagraph=\count281
\c@figure=\count282
\c@table=\count283
\abovecaptionskip=\skip49
\belowcaptionskip=\skip50
\bibindent=\dimen150
)
(C:\Users\louay\AppData\Local\Programs\MiKTeX\tex/latex/base\inputenc.sty
Package: inputenc 2024/02/08 v1.3d Input encoding file
\inpenc@prehook=\toks17
\inpenc@posthook=\toks18
)
(C:\Users\louay\AppData\Local\Programs\MiKTeX\tex/latex/base\fontenc.sty
Package: fontenc 2025/07/18 v2.1d Standard LaTeX package
)
(C:\Users\louay\AppData\Local\Programs\MiKTeX\tex/generic/babel\babel.sty
Package: babel 2026/04/15 v26.6 The multilingual framework for LuaLaTeX, pdfLaT
eX and XeLaTeX
\babel@savecnt=\count284
LaTeX Encoding Info:    Redeclaring text command \ij (encoding OT1) on input li
ne 2078.
LaTeX Encoding Info:    Redeclaring text command \IJ (encoding OT1) on input li
ne 2080.
LaTeX Encoding Info:    Redeclaring text command \ij (encoding T1) on input lin
e 2082.
LaTeX Encoding Info:    Redeclaring text command \IJ (encoding T1) on input lin
e 2083.
LaTeX Encoding Info:    Ignoring declaration for text command \ij (encoding ?) 
on input line 2084.
LaTeX Encoding Info:    Ignoring declaration for text command \IJ (encoding ?) 
on input line 2086.
LaTeX Encoding Info:    Ignoring declaration for text command \SS (encoding ?) 
on input line 2111.
\U@D=\dimen151
\l@unhyphenated=\language79

(C:\Users\louay\AppData\Local\Programs\MiKTeX\tex/generic/babel\txtbabel.def)
\bbl@readstream=\read2
\bbl@dirlevel=\count285
Package babel Info: Configuration files are deprecated, as
(babel)             they can break document portability.
(babel)             Reported on input line 4206.

*************************************
* Local config file bblopts.cfg used
*
(C:\Users\louay\AppData\Local\Programs\MiKTeX\tex/latex/arabi\bblopts.cfg
File: bblopts.cfg 2005/09/08 v0.1 add Arabic and Farsi to "declared" options of
 babel
)
(C:\Users\louay\AppData\Local\Programs\MiKTeX\tex/generic/babel/locale/fr\babel
-french.tex)
Package babel Info: Importing font and identification data for french
(babel)             from babel-fr.ini. Reported on input line 4330.

(C:\Users\louay\AppData\Local\Programs\MiKTeX\tex/generic/babel-french\french.l
df
Language: french 2025-08-15 v4.0e French support from the babel system

(C:\Users\louay\AppData\Local\Programs\MiKTeX\tex/generic/babel-french\french3.
ldf
Language: french 2025-08-15 v3.7e French support from the babel system
\FB@stdchar=\count286
Package babel Info: Making : an active character on input line 273.
Package babel Info: Making ; an active character on input line 274.
Package babel Info: Making ! an active character on input line 275.
Package babel Info: Making ? an active character on input line 276.
\FBguill@level=\count287
\FBold@everypar=\toks19
\FB@Mht=\dimen152
\mc@charclass=\count288
\mc@charfam=\count289
\mc@charslot=\count290
\std@mcc=\count291
\dec@mcc=\count292
\FB@pardim=\dimen153
\listindentFB=\dimen154
\descindentFB=\dimen155
\labelindentFB=\dimen156
\labelwidthFB=\dimen157
\leftmarginFB=\dimen158
\parindentFFN=\dimen159
\FBfnindent=\dimen160
)))
(C:\Users\louay\AppData\Local\Programs\MiKTeX\tex/latex/carlisle\scalefnt.sty)
(C:\Users\louay\AppData\Local\Programs\MiKTeX\tex/latex/geometry\geometry.sty
Package: geometry 2026/03/07 v6.0 Page Geometry

(C:\Users\louay\AppData\Local\Programs\MiKTeX\tex/latex/graphics\keyval.sty
Package: keyval 2022/05/29 v1.15 key=value parser (DPC)
\KV@toks@=\toks20
)
(C:\Users\louay\AppData\Local\Programs\MiKTeX\tex/generic/iftex\ifvtex.sty
Package: ifvtex 2019/10/25 v1.7 ifvtex legacy package. Use iftex instead.

(C:\Users\louay\AppData\Local\Programs\MiKTeX\tex/generic/iftex\iftex.sty
Package: iftex 2024/12/12 v1.0g TeX engine tests
))
\Gm@cnth=\count293
\Gm@cntv=\count294
\c@Gm@tempcnt=\count295
\Gm@bindingoffset=\dimen161
\Gm@wd@mp=\dimen162
\Gm@odd@mp=\dimen163
\Gm@even@mp=\dimen164
\Gm@layoutwidth=\dimen165
\Gm@layoutheight=\dimen166
\Gm@layouthoffset=\dimen167
\Gm@layoutvoffset=\dimen168
\Gm@dimlist=\toks21

(C:\Users\louay\AppData\Local\Programs\MiKTeX\tex/latex/geometry\geometry.cfg))
(C:\Users\louay\AppData\Local\Programs\MiKTeX\tex/latex/lm\lmodern.sty
Package: lmodern 2015/05/01 v1.6.1 Latin Modern Fonts
LaTeX Font Info:    Overwriting symbol font `operators' in version `normal'
(Font)                  OT1/cmr/m/n --> OT1/lmr/m/n on input line 22.
LaTeX Font Info:    Overwriting symbol font `letters' in version `normal'
(Font)                  OML/cmm/m/it --> OML/lmm/m/it on input line 23.
LaTeX Font Info:    Overwriting symbol font `symbols' in version `normal'
(Font)                  OMS/cmsy/m/n --> OMS/lmsy/m/n on input line 24.
LaTeX Font Info:    Overwriting symbol font `largesymbols' in version `normal'
(Font)                  OMX/cmex/m/n --> OMX/lmex/m/n on input line 25.
LaTeX Font Info:    Overwriting symbol font `operators' in version `bold'
(Font)                  OT1/cmr/bx/n --> OT1/lmr/bx/n on input line 26.
LaTeX Font Info:    Overwriting symbol font `letters' in version `bold'
(Font)                  OML/cmm/b/it --> OML/lmm/b/it on input line 27.
LaTeX Font Info:    Overwriting symbol font `symbols' in version `bold'
(Font)                  OMS/cmsy/b/n --> OMS/lmsy/b/n on input line 28.
LaTeX Font Info:    Overwriting symbol font `largesymbols' in version `bold'
(Font)                  OMX/cmex/m/n --> OMX/lmex/m/n on input line 29.
LaTeX Font Info:    Overwriting math alphabet `\mathbf' in version `normal'
(Font)                  OT1/cmr/bx/n --> OT1/lmr/bx/n on input line 31.
LaTeX Font Info:    Overwriting math alphabet `\mathsf' in version `normal'
(Font)                  OT1/cmss/m/n --> OT1/lmss/m/n on input line 32.
LaTeX Font Info:    Overwriting math alphabet `\mathit' in version `normal'
(Font)                  OT1/cmr/m/it --> OT1/lmr/m/it on input line 33.
LaTeX Font Info:    Overwriting math alphabet `\mathtt' in version `normal'
(Font)                  OT1/cmtt/m/n --> OT1/lmtt/m/n on input line 34.
LaTeX Font Info:    Overwriting math alphabet `\mathbf' in version `bold'
(Font)                  OT1/cmr/bx/n --> OT1/lmr/bx/n on input line 35.
LaTeX Font Info:    Overwriting math alphabet `\mathsf' in version `bold'
(Font)                  OT1/cmss/bx/n --> OT1/lmss/bx/n on input line 36.
LaTeX Font Info:    Overwriting math alphabet `\mathit' in version `bold'
(Font)                  OT1/cmr/bx/it --> OT1/lmr/bx/it on input line 37.
LaTeX Font Info:    Overwriting math alphabet `\mathtt' in version `bold'
(Font)                  OT1/cmtt/m/n --> OT1/lmtt/m/n on input line 38.
)
(C:\Users\louay\AppData\Local\Programs\MiKTeX\tex/latex/microtype\microtype.sty
Package: microtype 2026/03/01 v3.2d Micro-typographical refinements (RS)
(C:\Users\louay\AppData\Local\Programs\MiKTeX\tex/latex/etoolbox\etoolbox.sty
Package: etoolbox 2025/10/02 v2.5m e-TeX tools for LaTeX (JAW)
\etb@tempcnta=\count296
)
\MT@toks=\toks22
\MT@tempbox=\box53
\MT@count=\count297
LaTeX Info: Redefining \noprotrusionifhmode on input line 1084.
LaTeX Info: Redefining \leftprotrusion on input line 1085.
\MT@prot@toks=\toks23
LaTeX Info: Redefining \rightprotrusion on input line 1104.
LaTeX Info: Redefining \textls on input line 1449.
\MT@outer@kern=\dimen169
LaTeX Info: Redefining \microtypecontext on input line 2053.
LaTeX Info: Redefining \textmicrotypecontext on input line 2070.
\MT@listname@count=\count298

(C:\Users\louay\AppData\Local\Programs\MiKTeX\tex/latex/microtype\microtype-pdf
tex.def
File: microtype-pdftex.def 2026/03/01 v3.2d Definitions specific to pdftex (RS)

LaTeX Info: Redefining \lsstyle on input line 944.
LaTeX Info: Redefining \lslig on input line 944.
\MT@outer@space=\skip51
)
Package microtype Info: Loading configuration file microtype.cfg.

(C:\Users\louay\AppData\Local\Programs\MiKTeX\tex/latex/microtype\microtype.cfg
File: microtype.cfg 2026/03/01 v3.2d microtype main configuration file (RS)
)
LaTeX Info: Redefining \microtypesetup on input line 3065.
)
(C:\Users\louay\AppData\Local\Programs\MiKTeX\tex/latex/setspace\setspace.sty
Package: setspace 2022/12/04 v6.7b set line spacing
)
(C:\Users\louay\AppData\Local\Programs\MiKTeX\tex/latex/xcolor\xcolor.sty
Package: xcolor 2024/09/29 v3.02 LaTeX color extensions (UK)

(C:\Users\louay\AppData\Local\Programs\MiKTeX\tex/latex/graphics-cfg\color.cfg
File: color.cfg 2016/01/02 v1.6 sample color configuration
)
Package xcolor Info: Driver file: pdftex.def on input line 274.

(C:\Users\louay\AppData\Local\Programs\MiKTeX\tex/latex/graphics-def\pdftex.def
File: pdftex.def 2025/09/29 v1.2d Graphics/color driver for pdftex
)
(C:\Users\louay\AppData\Local\Programs\MiKTeX\tex/latex/graphics\mathcolor.ltx)
Package xcolor Info: Model `cmy' substituted by `cmy0' on input line 1349.
Package xcolor Info: Model `hsb' substituted by `rgb' on input line 1353.
Package xcolor Info: Model `RGB' extended on input line 1365.
Package xcolor Info: Model `HTML' substituted by `rgb' on input line 1367.
Package xcolor Info: Model `Hsb' substituted by `hsb' on input line 1368.
Package xcolor Info: Model `tHsb' substituted by `hsb' on input line 1369.
Package xcolor Info: Model `HSB' substituted by `hsb' on input line 1370.
Package xcolor Info: Model `Gray' substituted by `gray' on input line 1371.
Package xcolor Info: Model `wave' substituted by `hsb' on input line 1372.
)
(C:\Users\louay\AppData\Local\Programs\MiKTeX\tex/latex/pgf/frontendlayer\tikz.
sty
(C:\Users\louay\AppData\Local\Programs\MiKTeX\tex/latex/pgf/basiclayer\pgf.sty
(C:\Users\louay\AppData\Local\Programs\MiKTeX\tex/latex/pgf/utilities\pgfrcs.st
y
(C:\Users\louay\AppData\Local\Programs\MiKTeX\tex/generic/pgf/utilities\pgfutil
-common.tex
\pgfutil@everybye=\toks24
\pgfutil@tempdima=\dimen170
\pgfutil@tempdimb=\dimen171
)
(C:\Users\louay\AppData\Local\Programs\MiKTeX\tex/generic/pgf/utilities\pgfutil
-latex.def
\pgfutil@abb=\box54
)
(C:\Users\louay\AppData\Local\Programs\MiKTeX\tex/generic/pgf/utilities\pgfrcs.
code.tex
(C:\Users\louay\AppData\Local\Programs\MiKTeX\tex/generic/pgf\pgf.revision.tex)
Package: pgfrcs 2025-08-29 v3.1.11a (3.1.11a)
))
Package: pgf 2025-08-29 v3.1.11a (3.1.11a)

(C:\Users\louay\AppData\Local\Programs\MiKTeX\tex/latex/pgf/basiclayer\pgfcore.
sty
(C:\Users\louay\AppData\Local\Programs\MiKTeX\tex/latex/graphics\graphicx.sty
Package: graphicx 2024/12/31 v1.2e Enhanced LaTeX Graphics (DPC,SPQR)

(C:\Users\louay\AppData\Local\Programs\MiKTeX\tex/latex/graphics\graphics.sty
Package: graphics 2024/08/06 v1.4g Standard LaTeX Graphics (DPC,SPQR)

(C:\Users\louay\AppData\Local\Programs\MiKTeX\tex/latex/graphics\trig.sty
Package: trig 2023/12/02 v1.11 sin cos tan (DPC)
)
(C:\Users\louay\AppData\Local\Programs\MiKTeX\tex/latex/graphics-cfg\graphics.c
fg
File: graphics.cfg 2016/06/04 v1.11 sample graphics configuration
)
Package graphics Info: Driver file: pdftex.def on input line 106.
)
\Gin@req@height=\dimen172
\Gin@req@width=\dimen173
)
(C:\Users\louay\AppData\Local\Programs\MiKTeX\tex/latex/pgf/systemlayer\pgfsys.
sty
(C:\Users\louay\AppData\Local\Programs\MiKTeX\tex/generic/pgf/systemlayer\pgfsy
s.code.tex
Package: pgfsys 2025-08-29 v3.1.11a (3.1.11a)

(C:\Users\louay\AppData\Local\Programs\MiKTeX\tex/generic/pgf/utilities\pgfkeys
.code.tex
\pgfkeys@pathtoks=\toks25
\pgfkeys@temptoks=\toks26

(C:\Users\louay\AppData\Local\Programs\MiKTeX\tex/generic/pgf/utilities\pgfkeys
libraryfiltered.code.tex
\pgfkeys@tmptoks=\toks27
))
\pgf@x=\dimen174
\pgf@y=\dimen175
\pgf@xa=\dimen176
\pgf@ya=\dimen177
\pgf@xb=\dimen178
\pgf@yb=\dimen179
\pgf@xc=\dimen180
\pgf@yc=\dimen181
\pgf@xd=\dimen182
\pgf@yd=\dimen183
\w@pgf@writea=\write3
\r@pgf@reada=\read3
\c@pgf@counta=\count299
\c@pgf@countb=\count300
\c@pgf@countc=\count301
\c@pgf@countd=\count302
\t@pgf@toka=\toks28
\t@pgf@tokb=\toks29
\t@pgf@tokc=\toks30
\pgf@sys@id@count=\count303

(C:\Users\louay\AppData\Local\Programs\MiKTeX\tex/generic/pgf/systemlayer\pgf.c
fg
File: pgf.cfg 2025-08-29 v3.1.11a (3.1.11a)
)
Driver file for pgf: pgfsys-pdftex.def

(C:\Users\louay\AppData\Local\Programs\MiKTeX\tex/generic/pgf/systemlayer\pgfsy
s-pdftex.def
File: pgfsys-pdftex.def 2025-08-29 v3.1.11a (3.1.11a)

(C:\Users\louay\AppData\Local\Programs\MiKTeX\tex/generic/pgf/systemlayer\pgfsy
s-common-pdf.def
File: pgfsys-common-pdf.def 2025-08-29 v3.1.11a (3.1.11a)
)))
(C:\Users\louay\AppData\Local\Programs\MiKTeX\tex/generic/pgf/systemlayer\pgfsy
ssoftpath.code.tex
File: pgfsyssoftpath.code.tex 2025-08-29 v3.1.11a (3.1.11a)
\pgfsyssoftpath@smallbuffer@items=\count304
\pgfsyssoftpath@bigbuffer@items=\count305
)
(C:\Users\louay\AppData\Local\Programs\MiKTeX\tex/generic/pgf/systemlayer\pgfsy
sprotocol.code.tex
File: pgfsysprotocol.code.tex 2025-08-29 v3.1.11a (3.1.11a)
))
(C:\Users\louay\AppData\Local\Programs\MiKTeX\tex/generic/pgf/basiclayer\pgfcor
e.code.tex
Package: pgfcore 2025-08-29 v3.1.11a (3.1.11a)

(C:\Users\louay\AppData\Local\Programs\MiKTeX\tex/generic/pgf/math\pgfmath.code
.tex
(C:\Users\louay\AppData\Local\Programs\MiKTeX\tex/generic/pgf/math\pgfmathutil.
code.tex)
(C:\Users\louay\AppData\Local\Programs\MiKTeX\tex/generic/pgf/math\pgfmathparse
r.code.tex
\pgfmath@dimen=\dimen184
\pgfmath@count=\count306
\pgfmath@box=\box55
\pgfmath@toks=\toks31
\pgfmath@stack@operand=\toks32
\pgfmath@stack@operation=\toks33
)
(C:\Users\louay\AppData\Local\Programs\MiKTeX\tex/generic/pgf/math\pgfmathfunct
ions.code.tex)
(C:\Users\louay\AppData\Local\Programs\MiKTeX\tex/generic/pgf/math\pgfmathfunct
ions.basic.code.tex)
(C:\Users\louay\AppData\Local\Programs\MiKTeX\tex/generic/pgf/math\pgfmathfunct
ions.trigonometric.code.tex)
(C:\Users\louay\AppData\Local\Programs\MiKTeX\tex/generic/pgf/math\pgfmathfunct
ions.random.code.tex)
(C:\Users\louay\AppData\Local\Programs\MiKTeX\tex/generic/pgf/math\pgfmathfunct
ions.comparison.code.tex)
(C:\Users\louay\AppData\Local\Programs\MiKTeX\tex/generic/pgf/math\pgfmathfunct
ions.base.code.tex)
(C:\Users\louay\AppData\Local\Programs\MiKTeX\tex/generic/pgf/math\pgfmathfunct
ions.round.code.tex)
(C:\Users\louay\AppData\Local\Programs\MiKTeX\tex/generic/pgf/math\pgfmathfunct
ions.misc.code.tex)
(C:\Users\louay\AppData\Local\Programs\MiKTeX\tex/generic/pgf/math\pgfmathfunct
ions.integerarithmetics.code.tex)
(C:\Users\louay\AppData\Local\Programs\MiKTeX\tex/generic/pgf/math\pgfmathcalc.
code.tex)
(C:\Users\louay\AppData\Local\Programs\MiKTeX\tex/generic/pgf/math\pgfmathfloat
.code.tex
\c@pgfmathroundto@lastzeros=\count307
))
(C:\Users\louay\AppData\Local\Programs\MiKTeX\tex/generic/pgf/math\pgfint.code.
tex)
(C:\Users\louay\AppData\Local\Programs\MiKTeX\tex/generic/pgf/basiclayer\pgfcor
epoints.code.tex
File: pgfcorepoints.code.tex 2025-08-29 v3.1.11a (3.1.11a)
\pgf@picminx=\dimen185
\pgf@picmaxx=\dimen186
\pgf@picminy=\dimen187
\pgf@picmaxy=\dimen188
\pgf@pathminx=\dimen189
\pgf@pathmaxx=\dimen190
\pgf@pathminy=\dimen191
\pgf@pathmaxy=\dimen192
\pgf@xx=\dimen193
\pgf@xy=\dimen194
\pgf@yx=\dimen195
\pgf@yy=\dimen196
\pgf@zx=\dimen197
\pgf@zy=\dimen198
)
(C:\Users\louay\AppData\Local\Programs\MiKTeX\tex/generic/pgf/basiclayer\pgfcor
epathconstruct.code.tex
File: pgfcorepathconstruct.code.tex 2025-08-29 v3.1.11a (3.1.11a)
\pgf@path@lastx=\dimen199
\pgf@path@lasty=\dimen256
)
(C:\Users\louay\AppData\Local\Programs\MiKTeX\tex/generic/pgf/basiclayer\pgfcor
epathusage.code.tex
File: pgfcorepathusage.code.tex 2025-08-29 v3.1.11a (3.1.11a)
\pgf@shorten@end@additional=\dimen257
\pgf@shorten@start@additional=\dimen258
)
(C:\Users\louay\AppData\Local\Programs\MiKTeX\tex/generic/pgf/basiclayer\pgfcor
escopes.code.tex
File: pgfcorescopes.code.tex 2025-08-29 v3.1.11a (3.1.11a)
\pgfpic=\box56
\pgf@hbox=\box57
\pgf@layerbox@main=\box58
\pgf@picture@serial@count=\count308
)
(C:\Users\louay\AppData\Local\Programs\MiKTeX\tex/generic/pgf/basiclayer\pgfcor
egraphicstate.code.tex
File: pgfcoregraphicstate.code.tex 2025-08-29 v3.1.11a (3.1.11a)
\pgflinewidth=\dimen259
)
(C:\Users\louay\AppData\Local\Programs\MiKTeX\tex/generic/pgf/basiclayer\pgfcor
etransformations.code.tex
File: pgfcoretransformations.code.tex 2025-08-29 v3.1.11a (3.1.11a)
\pgf@pt@x=\dimen260
\pgf@pt@y=\dimen261
\pgf@pt@temp=\dimen262
)
(C:\Users\louay\AppData\Local\Programs\MiKTeX\tex/generic/pgf/basiclayer\pgfcor
equick.code.tex
File: pgfcorequick.code.tex 2025-08-29 v3.1.11a (3.1.11a)
)
(C:\Users\louay\AppData\Local\Programs\MiKTeX\tex/generic/pgf/basiclayer\pgfcor
eobjects.code.tex
File: pgfcoreobjects.code.tex 2025-08-29 v3.1.11a (3.1.11a)
)
(C:\Users\louay\AppData\Local\Programs\MiKTeX\tex/generic/pgf/basiclayer\pgfcor
epathprocessing.code.tex
File: pgfcorepathprocessing.code.tex 2025-08-29 v3.1.11a (3.1.11a)
)
(C:\Users\louay\AppData\Local\Programs\MiKTeX\tex/generic/pgf/basiclayer\pgfcor
earrows.code.tex
File: pgfcorearrows.code.tex 2025-08-29 v3.1.11a (3.1.11a)
\pgfarrowsep=\dimen263
)
(C:\Users\louay\AppData\Local\Programs\MiKTeX\tex/generic/pgf/basiclayer\pgfcor
eshade.code.tex
File: pgfcoreshade.code.tex 2025-08-29 v3.1.11a (3.1.11a)
\pgf@max=\dimen264
\pgf@sys@shading@range@num=\count309
\pgf@shadingcount=\count310
)
(C:\Users\louay\AppData\Local\Programs\MiKTeX\tex/generic/pgf/basiclayer\pgfcor
eimage.code.tex
File: pgfcoreimage.code.tex 2025-08-29 v3.1.11a (3.1.11a)
)
(C:\Users\louay\AppData\Local\Programs\MiKTeX\tex/generic/pgf/basiclayer\pgfcor
eexternal.code.tex
File: pgfcoreexternal.code.tex 2025-08-29 v3.1.11a (3.1.11a)
\pgfexternal@startupbox=\box59
)
(C:\Users\louay\AppData\Local\Programs\MiKTeX\tex/generic/pgf/basiclayer\pgfcor
elayers.code.tex
File: pgfcorelayers.code.tex 2025-08-29 v3.1.11a (3.1.11a)
)
(C:\Users\louay\AppData\Local\Programs\MiKTeX\tex/generic/pgf/basiclayer\pgfcor
etransparency.code.tex
File: pgfcoretransparency.code.tex 2025-08-29 v3.1.11a (3.1.11a)
)
(C:\Users\louay\AppData\Local\Programs\MiKTeX\tex/generic/pgf/basiclayer\pgfcor
epatterns.code.tex
File: pgfcorepatterns.code.tex 2025-08-29 v3.1.11a (3.1.11a)
)
(C:\Users\louay\AppData\Local\Programs\MiKTeX\tex/generic/pgf/basiclayer\pgfcor
erdf.code.tex
File: pgfcorerdf.code.tex 2025-08-29 v3.1.11a (3.1.11a)
)))
(C:\Users\louay\AppData\Local\Programs\MiKTeX\tex/generic/pgf/modules\pgfmodule
shapes.code.tex
File: pgfmoduleshapes.code.tex 2025-08-29 v3.1.11a (3.1.11a)
\pgfnodeparttextbox=\box60
)
(C:\Users\louay\AppData\Local\Programs\MiKTeX\tex/generic/pgf/modules\pgfmodule
plot.code.tex
File: pgfmoduleplot.code.tex 2025-08-29 v3.1.11a (3.1.11a)
)
(C:\Users\louay\AppData\Local\Programs\MiKTeX\tex/latex/pgf/compatibility\pgfco
mp-version-0-65.sty
Package: pgfcomp-version-0-65 2025-08-29 v3.1.11a (3.1.11a)
\pgf@nodesepstart=\dimen265
\pgf@nodesepend=\dimen266
)
(C:\Users\louay\AppData\Local\Programs\MiKTeX\tex/latex/pgf/compatibility\pgfco
mp-version-1-18.sty
Package: pgfcomp-version-1-18 2025-08-29 v3.1.11a (3.1.11a)
))
(C:\Users\louay\AppData\Local\Programs\MiKTeX\tex/latex/pgf/utilities\pgffor.st
y
(C:\Users\louay\AppData\Local\Programs\MiKTeX\tex/latex/pgf/utilities\pgfkeys.s
ty
(C:\Users\louay\AppData\Local\Programs\MiKTeX\tex/generic/pgf/utilities\pgfkeys
.code.tex))
(C:\Users\louay\AppData\Local\Programs\MiKTeX\tex/latex/pgf/math\pgfmath.sty
(C:\Users\louay\AppData\Local\Programs\MiKTeX\tex/generic/pgf/math\pgfmath.code
.tex))
(C:\Users\louay\AppData\Local\Programs\MiKTeX\tex/generic/pgf/utilities\pgffor.
code.tex
Package: pgffor 2025-08-29 v3.1.11a (3.1.11a)
\pgffor@iter=\dimen267
\pgffor@skip=\dimen268
\pgffor@stack=\toks34
\pgffor@toks=\toks35
))
(C:\Users\louay\AppData\Local\Programs\MiKTeX\tex/generic/pgf/frontendlayer/tik
z\tikz.code.tex
Package: tikz 2025-08-29 v3.1.11a (3.1.11a)

(C:\Users\louay\AppData\Local\Programs\MiKTeX\tex/generic/pgf/libraries\pgflibr
aryplothandlers.code.tex
File: pgflibraryplothandlers.code.tex 2025-08-29 v3.1.11a (3.1.11a)
\pgf@plot@mark@count=\count311
\pgfplotmarksize=\dimen269
)
\tikz@lastx=\dimen270
\tikz@lasty=\dimen271
\tikz@lastxsaved=\dimen272
\tikz@lastysaved=\dimen273
\tikz@lastmovetox=\dimen274
\tikz@lastmovetoy=\dimen275
\tikzleveldistance=\dimen276
\tikzsiblingdistance=\dimen277
\tikz@figbox=\box61
\tikz@figbox@bg=\box62
\tikz@tempbox=\box63
\tikz@tempbox@bg=\box64
\tikztreelevel=\count312
\tikznumberofchildren=\count313
\tikznumberofcurrentchild=\count314
\tikz@fig@count=\count315

(C:\Users\louay\AppData\Local\Programs\MiKTeX\tex/generic/pgf/modules\pgfmodule
matrix.code.tex
File: pgfmodulematrix.code.tex 2025-08-29 v3.1.11a (3.1.11a)
\pgfmatrixcurrentrow=\count316
\pgfmatrixcurrentcolumn=\count317
\pgf@matrix@numberofcolumns=\count318
)
\tikz@expandcount=\count319

(C:\Users\louay\AppData\Local\Programs\MiKTeX\tex/generic/pgf/frontendlayer/tik
z/libraries\tikzlibrarytopaths.code.tex
File: tikzlibrarytopaths.code.tex 2025-08-29 v3.1.11a (3.1.11a)
)))
(C:\Users\louay\AppData\Local\Programs\MiKTeX\tex/generic/pgf/frontendlayer/tik
z/libraries\tikzlibraryshapes.geometric.code.tex
File: tikzlibraryshapes.geometric.code.tex 2025-08-29 v3.1.11a (3.1.11a)

(C:\Users\louay\AppData\Local\Programs\MiKTeX\tex/generic/pgf/libraries/shapes\
pgflibraryshapes.geometric.code.tex
File: pgflibraryshapes.geometric.code.tex 2025-08-29 v3.1.11a (3.1.11a)
))
(C:\Users\louay\AppData\Local\Programs\MiKTeX\tex/generic/pgf/frontendlayer/tik
z/libraries\tikzlibraryshapes.multipart.code.tex
File: tikzlibraryshapes.multipart.code.tex 2025-08-29 v3.1.11a (3.1.11a)

(C:\Users\louay\AppData\Local\Programs\MiKTeX\tex/generic/pgf/libraries/shapes\
pgflibraryshapes.multipart.code.tex
File: pgflibraryshapes.multipart.code.tex 2025-08-29 v3.1.11a (3.1.11a)
\pgfnodepartlowerbox=\box65
\pgfnodeparttwobox=\box66
\pgfnodepartthreebox=\box67
\pgfnodepartfourbox=\box68
\pgfnodeparttwentybox=\box69
\pgfnodepartnineteenbox=\box70
\pgfnodeparteighteenbox=\box71
\pgfnodepartseventeenbox=\box72
\pgfnodepartsixteenbox=\box73
\pgfnodepartfifteenbox=\box74
\pgfnodepartfourteenbox=\box75
\pgfnodepartthirteenbox=\box76
\pgfnodeparttwelvebox=\box77
\pgfnodepartelevenbox=\box78
\pgfnodeparttenbox=\box79
\pgfnodepartninebox=\box80
\pgfnodeparteightbox=\box81
\pgfnodepartsevenbox=\box82
\pgfnodepartsixbox=\box83
\pgfnodepartfivebox=\box84
))
(C:\Users\louay\AppData\Local\Programs\MiKTeX\tex/generic/pgf/libraries\pgflibr
aryarrows.meta.code.tex
File: pgflibraryarrows.meta.code.tex 2025-08-29 v3.1.11a (3.1.11a)
\pgfarrowinset=\dimen278
\pgfarrowlength=\dimen279
\pgfarrowwidth=\dimen280
\pgfarrowlinewidth=\dimen281
)
(C:\Users\louay\AppData\Local\Programs\MiKTeX\tex/generic/pgf/frontendlayer/tik
z/libraries\tikzlibrarypositioning.code.tex
File: tikzlibrarypositioning.code.tex 2025-08-29 v3.1.11a (3.1.11a)
)
(C:\Users\louay\AppData\Local\Programs\MiKTeX\tex/generic/pgf/frontendlayer/tik
z/libraries\tikzlibraryfit.code.tex
File: tikzlibraryfit.code.tex 2025-08-29 v3.1.11a (3.1.11a)
)
(C:\Users\louay\AppData\Local\Programs\MiKTeX\tex/generic/pgf/frontendlayer/tik
z/libraries\tikzlibrarybackgrounds.code.tex
File: tikzlibrarybackgrounds.code.tex 2025-08-29 v3.1.11a (3.1.11a)
\pgf@layerbox@background=\box85
\pgf@layerboxsaved@background=\box86
)
(C:\Users\louay\AppData\Local\Programs\MiKTeX\tex/generic/pgf/frontendlayer/tik
z/libraries\tikzlibrarycalc.code.tex
File: tikzlibrarycalc.code.tex 2025-08-29 v3.1.11a (3.1.11a)
)
(C:\Users\louay\AppData\Local\Programs\MiKTeX\tex/generic/pgf/frontendlayer/tik
z/libraries\tikzlibrarydecorations.pathreplacing.code.tex
(C:\Users\louay\AppData\Local\Programs\MiKTeX\tex/generic/pgf/frontendlayer/tik
z/libraries\tikzlibrarydecorations.code.tex
(C:\Users\louay\AppData\Local\Programs\MiKTeX\tex/generic/pgf/modules\pgfmodule
decorations.code.tex
\pgfdecoratedcompleteddistance=\dimen282
\pgfdecoratedremainingdistance=\dimen283
\pgfdecoratedinputsegmentcompleteddistance=\dimen284
\pgfdecoratedinputsegmentremainingdistance=\dimen285
\pgf@decorate@distancetomove=\dimen286
\pgf@decorate@repeatstate=\count320
\pgfdecorationsegmentamplitude=\dimen287
\pgfdecorationsegmentlength=\dimen288
)
\tikz@lib@dec@box=\box87
)
(C:\Users\louay\AppData\Local\Programs\MiKTeX\tex/generic/pgf/libraries/decorat
ions\pgflibrarydecorations.pathreplacing.code.tex))
(C:\Users\louay\AppData\Local\Programs\MiKTeX\tex/generic/pgf/frontendlayer/tik
z/libraries\tikzlibraryshadows.code.tex
File: tikzlibraryshadows.code.tex 2025-08-29 v3.1.11a (3.1.11a)

(C:\Users\louay\AppData\Local\Programs\MiKTeX\tex/generic/pgf/frontendlayer/tik
z/libraries\tikzlibraryfadings.code.tex
File: tikzlibraryfadings.code.tex 2025-08-29 v3.1.11a (3.1.11a)

(C:\Users\louay\AppData\Local\Programs\MiKTeX\tex/generic/pgf/libraries\pgflibr
aryfadings.code.tex
File: pgflibraryfadings.code.tex 2025-08-29 v3.1.11a (3.1.11a)
)))
(C:\Users\louay\AppData\Local\Programs\MiKTeX\tex/latex/pgfplots\pgfplots.sty
(C:\Users\louay\AppData\Local\Programs\MiKTeX\tex/generic/pgfplots\pgfplots.rev
ision.tex)
Package: pgfplots 2021/05/15 v1.18.1 Data Visualization (1.18.1)

(C:\Users\louay\AppData\Local\Programs\MiKTeX\tex/generic/pgfplots\pgfplots.cod
e.tex
(C:\Users\louay\AppData\Local\Programs\MiKTeX\tex/generic/pgfplots\pgfplotscore
.code.tex
\t@pgfplots@toka=\toks36
\t@pgfplots@tokb=\toks37
\t@pgfplots@tokc=\toks38
\pgfplots@tmpa=\dimen289
\c@pgfplots@coordindex=\count321
\c@pgfplots@scanlineindex=\count322

(C:\Users\louay\AppData\Local\Programs\MiKTeX\tex/generic/pgfplots/sys\pgfplots
sysgeneric.code.tex))
(C:\Users\louay\AppData\Local\Programs\MiKTeX\tex/generic/pgfplots/libs\pgfplot
slibrary.code.tex)
(C:\Users\louay\AppData\Local\Programs\MiKTeX\tex/generic/pgfplots/oldpgfcompat
ib\pgfplotsoldpgfsupp_loader.code.tex
(C:\Users\louay\AppData\Local\Programs\MiKTeX\tex/generic/pgf/libraries\pgflibr
aryfpu.code.tex)
Package pgfplots: loading complementary utilities for your pgf version...
\t@pgf@toka=\toks39
\t@pgf@tokb=\toks40
\t@pgf@tokc=\toks41

(C:\Users\louay\AppData\Local\Programs\MiKTeX\tex/generic/pgfplots/oldpgfcompat
ib\pgfplotsoldpgfsupp_pgfutil-common-lists.tex))
(C:\Users\louay\AppData\Local\Programs\MiKTeX\tex/generic/pgfplots/util\pgfplot
sutil.code.tex
(C:\Users\louay\AppData\Local\Programs\MiKTeX\tex/generic/pgfplots/liststructur
e\pgfplotsliststructure.code.tex)
(C:\Users\louay\AppData\Local\Programs\MiKTeX\tex/generic/pgfplots/liststructur
e\pgfplotsliststructureext.code.tex)
(C:\Users\louay\AppData\Local\Programs\MiKTeX\tex/generic/pgfplots/liststructur
e\pgfplotsarray.code.tex
\c@pgfplotsarray@tmp=\count323
)
(C:\Users\louay\AppData\Local\Programs\MiKTeX\tex/generic/pgfplots/liststructur
e\pgfplotsmatrix.code.tex)
(C:\Users\louay\AppData\Local\Programs\MiKTeX\tex/generic/pgfplots/numtable\pgf
plotstableshared.code.tex
\c@pgfplotstable@counta=\count324
\t@pgfplotstable@a=\toks42
)
(C:\Users\louay\AppData\Local\Programs\MiKTeX\tex/generic/pgfplots/liststructur
e\pgfplotsdeque.code.tex)
(C:\Users\louay\AppData\Local\Programs\MiKTeX\tex/generic/pgfplots/util\pgfplot
sbinary.code.tex
(C:\Users\louay\AppData\Local\Programs\MiKTeX\tex/generic/pgfplots/util\pgfplot
sbinary.data.code.tex))
(C:\Users\louay\AppData\Local\Programs\MiKTeX\tex/generic/pgfplots/util\pgfplot
sutil.verb.code.tex)
(C:\Users\louay\AppData\Local\Programs\MiKTeX\tex/generic/pgfplots/libs\pgflibr
arypgfplots.surfshading.code.tex
\c@pgfplotslibrarysurf@no=\count325

(C:\Users\louay\AppData\Local\Programs\MiKTeX\tex/generic/pgfplots/sys\pgflibra
rypgfplots.surfshading.pgfsys-pdftex.def)))
(C:\Users\louay\AppData\Local\Programs\MiKTeX\tex/generic/pgfplots/util\pgfplot
scolormap.code.tex
(C:\Users\louay\AppData\Local\Programs\MiKTeX\tex/generic/pgfplots/util\pgfplot
scolor.code.tex))
(C:\Users\louay\AppData\Local\Programs\MiKTeX\tex/generic/pgfplots\pgfplotsstac
kedplots.code.tex)
(C:\Users\louay\AppData\Local\Programs\MiKTeX\tex/generic/pgfplots\pgfplotsplot
handlers.code.tex
(C:\Users\louay\AppData\Local\Programs\MiKTeX\tex/generic/pgfplots\pgfplotsmesh
plothandler.code.tex
(C:\Users\louay\AppData\Local\Programs\MiKTeX\tex/generic/pgfplots\pgfplotsmesh
plotimage.code.tex)))
(C:\Users\louay\AppData\Local\Programs\MiKTeX\tex/generic/pgfplots\pgfplots.sca
ling.code.tex)
(C:\Users\louay\AppData\Local\Programs\MiKTeX\tex/generic/pgfplots\pgfplotscoor
dprocessing.code.tex)
(C:\Users\louay\AppData\Local\Programs\MiKTeX\tex/generic/pgfplots\pgfplots.err
orbars.code.tex)
(C:\Users\louay\AppData\Local\Programs\MiKTeX\tex/generic/pgfplots\pgfplots.mar
kers.code.tex)
(C:\Users\louay\AppData\Local\Programs\MiKTeX\tex/generic/pgfplots\pgfplotstick
s.code.tex)
(C:\Users\louay\AppData\Local\Programs\MiKTeX\tex/generic/pgfplots\pgfplots.pat
hs.code.tex)
(C:\Users\louay\AppData\Local\Programs\MiKTeX\tex/generic/pgf/frontendlayer/tik
z/libraries\tikzlibrarydecorations.pathmorphing.code.tex
(C:\Users\louay\AppData\Local\Programs\MiKTeX\tex/generic/pgf/libraries/decorat
ions\pgflibrarydecorations.pathmorphing.code.tex))
(C:\Users\louay\AppData\Local\Programs\MiKTeX\tex/generic/pgfplots/libs\tikzlib
rarypgfplots.contourlua.code.tex)
\pgfplots@numplots=\count326
\pgfplots@xmin@reg=\dimen290
\pgfplots@xmax@reg=\dimen291
\pgfplots@ymin@reg=\dimen292
\pgfplots@ymax@reg=\dimen293
\pgfplots@zmin@reg=\dimen294
\pgfplots@zmax@reg=\dimen295
)
(C:\Users\louay\AppData\Local\Programs\MiKTeX\tex/generic/pgf/frontendlayer/tik
z/libraries\tikzlibraryplotmarks.code.tex
File: tikzlibraryplotmarks.code.tex 2025-08-29 v3.1.11a (3.1.11a)

(C:\Users\louay\AppData\Local\Programs\MiKTeX\tex/generic/pgf/libraries\pgflibr
aryplotmarks.code.tex
File: pgflibraryplotmarks.code.tex 2025-08-29 v3.1.11a (3.1.11a)
)))
(C:\Users\louay\AppData\Local\Programs\MiKTeX\tex/latex/float\float.sty
Package: float 2001/11/08 v1.3d Float enhancements (AL)
\c@float@type=\count327
\float@exts=\toks43
\float@box=\box88
\@float@everytoks=\toks44
\@floatcapt=\box89
)
(C:\Users\louay\AppData\Local\Programs\MiKTeX\tex/latex/graphics\rotating.sty
Package: rotating 2025/01/14 v2.16e rotated objects in LaTeX

(C:\Users\louay\AppData\Local\Programs\MiKTeX\tex/latex/base\ifthen.sty
Package: ifthen 2024/03/16 v1.1e Standard LaTeX ifthen package (DPC)
)
\c@r@tfl@t=\count328
\rotFPtop=\skip52
\rotFPbot=\skip53
\rot@float@box=\box90
\rot@mess@toks=\toks45
)
(C:\Users\louay\AppData\Local\Programs\MiKTeX\tex/latex/caption\caption.sty
Package: caption 2023/08/05 v3.6o Customizing captions (AR)

(C:\Users\louay\AppData\Local\Programs\MiKTeX\tex/latex/caption\caption3.sty
Package: caption3 2023/07/31 v2.4d caption3 kernel (AR)
\caption@tempdima=\dimen296
\captionmargin=\dimen297
\caption@leftmargin=\dimen298
\caption@rightmargin=\dimen299
\caption@width=\dimen300
\caption@indent=\dimen301
\caption@parindent=\dimen302
\caption@hangindent=\dimen303
Package caption Info: Standard document class detected.
Package caption Info: french babel package is loaded.
)
\c@caption@flags=\count329
\c@continuedfloat=\count330
Package caption Info: float package is loaded.
Package caption Info: rotating package is loaded.
)
(C:\Users\louay\AppData\Local\Programs\MiKTeX\tex/latex/caption\subcaption.sty
Package: subcaption 2023/07/28 v1.6b Sub-captions (AR)
Package caption Info: New subtype `subfigure' on input line 238.
\c@subfigure=\count331
Package caption Info: New subtype `subtable' on input line 238.
\c@subtable=\count332
) (C:\Users\louay\AppData\Local\Programs\MiKTeX\tex/latex/booktabs\booktabs.sty
Package: booktabs 2020/01/12 v1.61803398 Publication quality tables
\heavyrulewidth=\dimen304
\lightrulewidth=\dimen305
\cmidrulewidth=\dimen306
\belowrulesep=\dimen307
\belowbottomsep=\dimen308
\aboverulesep=\dimen309
\abovetopsep=\dimen310
\cmidrulesep=\dimen311
\cmidrulekern=\dimen312
\defaultaddspace=\dimen313
\@cmidla=\count333
\@cmidlb=\count334
\@aboverulesep=\dimen314
\@belowrulesep=\dimen315
\@thisruleclass=\count335
\@lastruleclass=\count336
\@thisrulewidth=\dimen316
) (C:\Users\louay\AppData\Local\Programs\MiKTeX\tex/latex/tools\array.sty
Package: array 2025/09/25 v2.6n Tabular extension package (FMi)
\col@sep=\dimen317
\ar@mcellbox=\box91
\extrarowheight=\dimen318
\NC@list=\toks46
\extratabsurround=\skip54
\backup@length=\skip55
\ar@cellbox=\box92
)
(C:\Users\louay\AppData\Local\Programs\MiKTeX\tex/latex/tools\longtable.sty
Package: longtable 2025-10-13 v4.24 Multi-page Table package (DPC)
\LTleft=\skip56
\LTright=\skip57
\LTpre=\skip58
\LTpost=\skip59
\LTchunksize=\count337
\LTcapwidth=\dimen319
\LT@head=\box93
\LT@firsthead=\box94
\LT@foot=\box95
\LT@lastfoot=\box96
\LT@gbox=\box97
\LT@cols=\count338
\LT@rows=\count339
\c@LT@tables=\count340
\c@LT@chunks=\count341
\LT@p@ftn=\toks47
)
(C:\Users\louay\AppData\Local\Programs\MiKTeX\tex/latex/multirow\multirow.sty
Package: multirow 2024/11/12 v2.9 Span multiple rows of a table
\multirow@colwidth=\skip60
\multirow@cntb=\count342
\multirow@dima=\skip61
\bigstrutjot=\dimen320
)
(C:\Users\louay\AppData\Local\Programs\MiKTeX\tex/latex/tools\tabularx.sty
Package: tabularx 2023/12/11 v2.12a `tabularx' package (DPC)
\TX@col@width=\dimen321
\TX@old@table=\dimen322
\TX@old@col=\dimen323
\TX@target=\dimen324
\TX@delta=\dimen325
\TX@cols=\count343
\TX@ftn=\toks48
)
(C:\Users\louay\AppData\Local\Programs\MiKTeX\tex/latex/colortbl\colortbl.sty
Package: colortbl 2024/10/29 v1.0k Color table columns (DPC)
\everycr=\toks49
\minrowclearance=\skip62
\rownum=\count344
)
(C:\Users\louay\AppData\Local\Programs\MiKTeX\tex/latex/tools\hhline.sty
Package: hhline 2020/01/04 v2.04 Table rule package (DPC)
)
(C:\Users\louay\AppData\Local\Programs\MiKTeX\tex/latex/enumitem\enumitem.sty
Package: enumitem 2025/02/06 v3.11 Customized lists
\labelindent=\skip63
\enit@outerparindent=\dimen326
\enit@toks=\toks50
\enit@inbox=\box98
\enit@count@id=\count345
\enitdp@description=\count346
)
(C:\Users\louay\AppData\Local\Programs\MiKTeX\tex/latex/listings\listings.sty
\lst@mode=\count347
\lst@gtempboxa=\box99
\lst@token=\toks51
\lst@length=\count348
\lst@currlwidth=\dimen327
\lst@column=\count349
\lst@pos=\count350
\lst@lostspace=\dimen328
\lst@width=\dimen329
\lst@newlines=\count351
\lst@lineno=\count352
\lst@maxwidth=\dimen330

(C:\Users\louay\AppData\Local\Programs\MiKTeX\tex/latex/listings\lstpatch.sty
File: lstpatch.sty 2025/11/14 1.11b (Carsten Heinz)
)
(C:\Users\louay\AppData\Local\Programs\MiKTeX\tex/latex/listings\lstmisc.sty
File: lstmisc.sty 2025/11/14 1.11b (Carsten Heinz)
\c@lstnumber=\count353
\lst@skipnumbers=\count354
\lst@framebox=\box100
)
(C:\Users\louay\AppData\Local\Programs\MiKTeX\tex/latex/listings\listings.cfg
File: listings.cfg 2025/11/14 1.11b listings configuration
))
Package: listings 2025/11/14 1.11b (Carsten Heinz)
==> First Aid for listings.sty no longer applied!
    Expected:
        2024/09/23 1.10c (Carsten Heinz)
    but found:
        2025/11/14 1.11b (Carsten Heinz)
    so I'm assuming it got fixed.
(C:\Users\louay\AppData\Local\Programs\MiKTeX\tex/latex/fancyhdr\fancyhdr.sty
Package: fancyhdr 2025/02/07 v5.2 Extensive control of page headers and footers

\f@nch@headwidth=\skip64
\f@nch@offset@elh=\skip65
\f@nch@offset@erh=\skip66
\f@nch@offset@olh=\skip67
\f@nch@offset@orh=\skip68
\f@nch@offset@elf=\skip69
\f@nch@offset@erf=\skip70
\f@nch@offset@olf=\skip71
\f@nch@offset@orf=\skip72
\f@nch@height=\skip73
\f@nch@footalignment=\skip74
\f@nch@widthL=\skip75
\f@nch@widthC=\skip76
\f@nch@widthR=\skip77
\@temptokenb=\toks52
)
(C:\Users\louay\AppData\Local\Programs\MiKTeX\tex/latex/titlesec\titlesec.sty
Package: titlesec 2025/01/04 v2.17 Sectioning titles
\ttl@box=\box101
\beforetitleunit=\skip78
\aftertitleunit=\skip79
\ttl@plus=\dimen331
\ttl@minus=\dimen332
\ttl@toksa=\toks53
\titlewidth=\dimen333
\titlewidthlast=\dimen334
\titlewidthfirst=\dimen335
)
(C:\Users\louay\AppData\Local\Programs\MiKTeX\tex/latex/hyperref\hyperref.sty
Package: hyperref 2026-04-24 v7.01q Hypertext links for LaTeX

(C:\Users\louay\AppData\Local\Programs\MiKTeX\tex/latex/kvsetkeys\kvsetkeys.sty
Package: kvsetkeys 2022-10-05 v1.19 Key value parser (HO)
)
(C:\Users\louay\AppData\Local\Programs\MiKTeX\tex/generic/kvdefinekeys\kvdefine
keys.sty
Package: kvdefinekeys 2019-12-19 v1.6 Define keys (HO)
)
(C:\Users\louay\AppData\Local\Programs\MiKTeX\tex/generic/pdfescape\pdfescape.s
ty
Package: pdfescape 2019/12/09 v1.15 Implements pdfTeX's escape features (HO)

(C:\Users\louay\AppData\Local\Programs\MiKTeX\tex/generic/ltxcmds\ltxcmds.sty
Package: ltxcmds 2023-12-04 v1.26 LaTeX kernel commands for general use (HO)
)
(C:\Users\louay\AppData\Local\Programs\MiKTeX\tex/generic/pdftexcmds\pdftexcmds
.sty
Package: pdftexcmds 2020-06-27 v0.33 Utility functions of pdfTeX for LuaTeX (HO
)

(C:\Users\louay\AppData\Local\Programs\MiKTeX\tex/generic/infwarerr\infwarerr.s
ty
Package: infwarerr 2019/12/03 v1.5 Providing info/warning/error messages (HO)
)
Package pdftexcmds Info: \pdf@primitive is available.
Package pdftexcmds Info: \pdf@ifprimitive is available.
Package pdftexcmds Info: \pdfdraftmode found.
))
(C:\Users\louay\AppData\Local\Programs\MiKTeX\tex/latex/hycolor\hycolor.sty
Package: hycolor 2020-01-27 v1.10 Color options for hyperref/bookmark (HO)
)
(C:\Users\louay\AppData\Local\Programs\MiKTeX\tex/latex/hyperref\nameref.sty
Package: nameref 2026-01-29 v2.58 Cross-referencing by name of section

(C:\Users\louay\AppData\Local\Programs\MiKTeX\tex/latex/refcount\refcount.sty
Package: refcount 2019/12/15 v3.6 Data extraction from label references (HO)
)
(C:\Users\louay\AppData\Local\Programs\MiKTeX\tex/generic/gettitlestring\gettit
lestring.sty
Package: gettitlestring 2019/12/15 v1.6 Cleanup title references (HO)

(C:\Users\louay\AppData\Local\Programs\MiKTeX\tex/latex/kvoptions\kvoptions.sty
Package: kvoptions 2022-06-15 v3.15 Key value format for package options (HO)
))
\c@section@level=\count355
)
(C:\Users\louay\AppData\Local\Programs\MiKTeX\tex/generic/stringenc\stringenc.s
ty
Package: stringenc 2019/11/29 v1.12 Convert strings between diff. encodings (HO
)
)
\@linkdim=\dimen336
\Hy@linkcounter=\count356
\Hy@pagecounter=\count357
 (C:\Users\louay\AppData\Local\Programs\MiKTeX\tex/latex/hyperref\pd1enc.def
File: pd1enc.def 2026-04-24 v7.01q Hyperref: PDFDocEncoding definition (HO)
Now handling font encoding PD1 ...
... no UTF-8 mapping file for font encoding PD1
) (C:\Users\louay\AppData\Local\Programs\MiKTeX\tex/generic/intcalc\intcalc.sty
Package: intcalc 2019/12/15 v1.3 Expandable calculations with integers (HO)
)
\Hy@SavedSpaceFactor=\count358
 (C:\Users\louay\AppData\Local\Programs\MiKTeX\tex/latex/hyperref\puenc.def
File: puenc.def 2026-04-24 v7.01q Hyperref: PDF Unicode definition (HO)
Now handling font encoding PU ...
... no UTF-8 mapping file for font encoding PU
)
Package hyperref Info: Hyper figures OFF on input line 4199.
Package hyperref Info: Link nesting OFF on input line 4204.
Package hyperref Info: Hyper index ON on input line 4207.
Package hyperref Info: Plain pages OFF on input line 4214.
Package hyperref Info: Backreferencing OFF on input line 4219.
Package hyperref Info: Implicit mode ON; LaTeX internals redefined.
Package hyperref Info: Bookmarks ON on input line 4466.
\c@Hy@tempcnt=\count359

(C:\Users\louay\AppData\Local\Programs\MiKTeX\tex/latex/url\url.sty
\Urlmuskip=\muskip17
Package: url 2013/09/16  ver 3.4  Verb mode for urls, etc.
)
LaTeX Info: Redefining \url on input line 4805.
\XeTeXLinkMargin=\dimen337

(C:\Users\louay\AppData\Local\Programs\MiKTeX\tex/generic/bitset\bitset.sty
Package: bitset 2019/12/09 v1.3 Handle bit-vector datatype (HO)

(C:\Users\louay\AppData\Local\Programs\MiKTeX\tex/generic/bigintcalc\bigintcalc
.sty
Package: bigintcalc 2019/12/15 v1.5 Expandable calculations on big integers (HO
)
))
\Fld@menulength=\count360
\Field@Width=\dimen338
\Fld@charsize=\dimen339
Package hyperref Info: Hyper figures OFF on input line 6091.
Package hyperref Info: Link nesting OFF on input line 6096.
Package hyperref Info: Hyper index ON on input line 6099.
Package hyperref Info: backreferencing OFF on input line 6106.
Package hyperref Info: Link coloring OFF on input line 6111.
Package hyperref Info: Link coloring with OCG OFF on input line 6116.
Package hyperref Info: PDF/A mode OFF on input line 6121.
\Hy@abspage=\count361
\c@Item=\count362
\c@Hfootnote=\count363
)
Package hyperref Info: Driver (autodetected): hpdftex.

(C:\Users\louay\AppData\Local\Programs\MiKTeX\tex/latex/hyperref\hpdftex.def
File: hpdftex.def 2026-04-24 v7.01q Hyperref driver for pdfTeX
\Fld@listcount=\count364
\c@bookmark@seq@number=\count365

(C:\Users\louay\AppData\Local\Programs\MiKTeX\tex/latex/rerunfilecheck\rerunfil
echeck.sty
Package: rerunfilecheck 2025-06-21 v1.11 Rerun checks for auxiliary files (HO)

(C:\Users\louay\AppData\Local\Programs\MiKTeX\tex/generic/uniquecounter\uniquec
ounter.sty
Package: uniquecounter 2019/12/15 v1.4 Provide unlimited unique counter (HO)
)
Package uniquecounter Info: New unique counter `rerunfilecheck' on input line 2
84.
)
\Hy@SectionHShift=\skip80
)
Package french3.ldf Info: Setting StandardItemizeEnv=true for
(french3.ldf)             compatibility with enumitem package,
(french3.ldf)             reported on input line 184.
Package french3.ldf Info: Setting StandardEnumerateEnv=true for
(french3.ldf)             compatibility with enumitem package,
(french3.ldf)             reported on input line 184.
LaTeX Font Info:    Trying to load font information for T1+lmr on input line 18
4.

(C:\Users\louay\AppData\Local\Programs\MiKTeX\tex/latex/lm\t1lmr.fd
File: t1lmr.fd 2015/05/01 v1.6.1 Font defs for Latin Modern
)
(C:\Users\louay\AppData\Local\Programs\MiKTeX\tex/latex/l3backend\l3backend-pdf
tex.def
File: l3backend-pdftex.def 2026-02-18 L3 backend support: PDF output (pdfTeX)
\l__color_backend_stack_int=\count366
) (main.aux
Package babel Info: 'french' activates 'french' shorthands.
(babel)             Reported on input line 11.
)
\openout1 = `main.aux'.

LaTeX Font Info:    Checking defaults for OML/cmm/m/it on input line 184.
LaTeX Font Info:    ... okay on input line 184.
LaTeX Font Info:    Checking defaults for OMS/cmsy/m/n on input line 184.
LaTeX Font Info:    ... okay on input line 184.
LaTeX Font Info:    Checking defaults for OT1/cmr/m/n on input line 184.
LaTeX Font Info:    ... okay on input line 184.
LaTeX Font Info:    Checking defaults for T1/cmr/m/n on input line 184.
LaTeX Font Info:    ... okay on input line 184.
LaTeX Font Info:    Checking defaults for TS1/cmr/m/n on input line 184.
LaTeX Font Info:    ... okay on input line 184.
LaTeX Font Info:    Checking defaults for OMX/cmex/m/n on input line 184.
LaTeX Font Info:    ... okay on input line 184.
LaTeX Font Info:    Checking defaults for U/cmr/m/n on input line 184.
LaTeX Font Info:    ... okay on input line 184.
LaTeX Font Info:    Checking defaults for PD1/pdf/m/n on input line 184.
LaTeX Font Info:    ... okay on input line 184.
LaTeX Font Info:    Checking defaults for PU/pdf/m/n on input line 184.
LaTeX Font Info:    ... okay on input line 184.
LaTeX Info: Redefining \degres on input line 184.

(C:\Users\louay\AppData\Local\Programs\MiKTeX\tex/latex/tools\hhline.sty
Package: hhline 2020/01/04 v2.04 Table rule package (DPC)
)
*geometry* driver: auto-detecting
*geometry* detected driver: pdftex
*geometry* verbose mode - [ preamble ] result:
* driver: pdftex
* paper: a4paper
* layout: <same size as paper>
* layoutoffset:(h,v)=(0.0pt,0.0pt)
* modes: 
* h-part:(L,W,R)=(85.35826pt, 441.01773pt, 71.13188pt)
* v-part:(T,H,B)=(71.13188pt, 702.78308pt, 71.13188pt)
* \paperwidth=597.50787pt
* \paperheight=845.04684pt
* \textwidth=441.01773pt
* \textheight=702.78308pt
* \oddsidemargin=13.08827pt
* \evensidemargin=13.08827pt
* \topmargin=-41.1381pt
* \headheight=15.0pt
* \headsep=25.0pt
* \topskip=12.0pt
* \footskip=30.0pt
* \marginparwidth=35.0pt
* \marginparsep=10.0pt
* \columnsep=10.0pt
* \skip\footins=10.8pt plus 4.0pt minus 2.0pt
* \hoffset=0.0pt
* \voffset=0.0pt
* \mag=1000
* \@twocolumnfalse
* \@twosidefalse
* \@mparswitchfalse
* \@reversemarginfalse
* (1in=72.27pt=25.4mm, 1cm=28.453pt)

LaTeX Info: Redefining \microtypecontext on input line 184.
Package microtype Info: Applying patch `item' on input line 184.
Package microtype Info: Applying patch `toc' on input line 184.
Package microtype Info: Applying patch `eqnum' on input line 184.
Package microtype Info: Applying patch `footnote' on input line 184.
Package microtype Info: Applying patch `verbatim' on input line 184.
LaTeX Info: Redefining \microtypesetup on input line 184.
Package microtype Info: Generating PDF output.
Package microtype Info: Character protrusion enabled (level 2).
Package microtype Info: Using default protrusion set `alltext'.
Package microtype Info: Automatic font expansion enabled (level 2),
(microtype)             stretch: 20, shrink: 20, step: 1, non-selected.
Package microtype Info: Using default expansion set `alltext-nott'.
Package microtype Info: Patching command `\showhyphens'.
Package microtype Info: No adjustment of tracking.
Package microtype Info: No adjustment of interword spacing.
Package microtype Info: No adjustment of character kerning.
(C:\Users\louay\AppData\Local\Programs\MiKTeX\tex/latex/microtype\mt-cmr.cfg
File: mt-cmr.cfg 2013/05/19 v2.2 microtype config. file: Computer Modern Roman 
(RS)
)
(C:\Users\louay\AppData\Local\Programs\MiKTeX\tex/context/base/mkii\supp-pdf.mk
ii
[Loading MPS to PDF converter (version 2006.09.02).]
\scratchcounter=\count367
\scratchdimen=\dimen340
\scratchbox=\box102
\nofMPsegments=\count368
\nofMParguments=\count369
\everyMPshowfont=\toks54
\MPscratchCnt=\count370
\MPscratchDim=\dimen341
\MPnumerator=\count371
\makeMPintoPDFobject=\count372
\everyMPtoPDFconversion=\toks55
)
(C:\Users\louay\AppData\Local\Programs\MiKTeX\tex/latex/epstopdf-pkg\epstopdf-b
ase.sty
Package: epstopdf-base 2020-01-24 v2.11 Base part for package epstopdf
Package epstopdf-base Info: Redefining graphics rule for `.eps' on input line 4
85.

(C:\Users\louay\AppData\Local\Programs\MiKTeX\tex/latex/00miktex\epstopdf-sys.c
fg
File: epstopdf-sys.cfg 2021/03/18 v2.0 Configuration of epstopdf for MiKTeX
))
Package pgfplots notification 'compat/show suggested version=true': document ha
s been generated with the most recent feature set (\pgfplotsset{compat=1.18}).

Package caption Info: Begin \AtBeginDocument code.
Package caption Info: hyperref package is loaded.
Package caption Info: listings package is loaded.
Package caption Info: longtable package is loaded.
(C:\Users\louay\AppData\Local\Programs\MiKTeX\tex/latex/caption\ltcaption.sty
Package: ltcaption 2021/01/08 v1.4c longtable captions (AR)
)
Package caption Info: End \AtBeginDocument code.
\c@lstlisting=\count373
Package hyperref Info: Link coloring OFF on input line 184.

(main.out) (main.out)
\@outlinefile=\write4
\openout4 = `main.out'.

 (chapters/page_garde.tex
<assets/tekup.png, id=266, 380.42125pt x 133.49875pt>
File: assets/tekup.png Graphic file (type png)
<use assets/tekup.png>
Package pdftex.def Info: assets/tekup.png  used on input line 9.
(pdftex.def)             Requested size: 99.58054pt x 56.9063pt.

Overfull \hbox (33.43057pt too wide) in paragraph at lines 9--10
[][] 
 []

LaTeX Font Info:    Trying to load font information for OT1+lmr on input line 1
0.
(C:\Users\louay\AppData\Local\Programs\MiKTeX\tex/latex/lm\ot1lmr.fd
File: ot1lmr.fd 2015/05/01 v1.6.1 Font defs for Latin Modern
)
LaTeX Font Info:    Trying to load font information for OML+lmm on input line 1
0.

(C:\Users\louay\AppData\Local\Programs\MiKTeX\tex/latex/lm\omllmm.fd
File: omllmm.fd 2015/05/01 v1.6.1 Font defs for Latin Modern
)
LaTeX Font Info:    Trying to load font information for OMS+lmsy on input line 
10.

(C:\Users\louay\AppData\Local\Programs\MiKTeX\tex/latex/lm\omslmsy.fd
File: omslmsy.fd 2015/05/01 v1.6.1 Font defs for Latin Modern
)
LaTeX Font Info:    Trying to load font information for OMX+lmex on input line 
10.

(C:\Users\louay\AppData\Local\Programs\MiKTeX\tex/latex/lm\omxlmex.fd
File: omxlmex.fd 2015/05/01 v1.6.1 Font defs for Latin Modern
)
LaTeX Font Info:    External font `lmex10' loaded for size
(Font)              <12> on input line 10.
LaTeX Font Info:    External font `lmex10' loaded for size
(Font)              <8> on input line 10.
LaTeX Font Info:    External font `lmex10' loaded for size
(Font)              <6> on input line 10.


LaTeX Font Warning: Font shape `T1/lmr/bx/sc' undefined
(Font)              using `T1/lmr/bx/n' instead on input line 15.

Package microtype Info: Character `029' is missing
(microtype)             in font `T1/lmr/m/sc/12'.
(microtype)             Ignoring protrusion settings for this character.
Package microtype Info: Character `029' is missing
(microtype)             in font `T1/lmr/m/sc/24.88'.
(microtype)             Ignoring protrusion settings for this character.
Package microtype Info: Character `029' is missing
(microtype)             in font `T1/lmr/m/sc/14.4'.
(microtype)             Ignoring protrusion settings for this character.
<assets/mm.png, id=267, 342.078pt x 219.219pt>
File: assets/mm.png Graphic file (type png)
<use assets/mm.png>
Package pdftex.def Info: assets/mm.png  used on input line 40.
(pdftex.def)             Requested size: 176.40439pt x 113.05122pt.
[1

{C:/Users/louay/AppData/Local/MiKTeX/fonts/map/pdftex/pdftex.map}{C:/Users/loua
y/AppData/Local/Programs/MiKTeX/fonts/enc/dvips/lm/lm-ec.enc} <./assets/tekup.p
ng> <./assets/mm.png>]) (chapters/resume.tex
Overfull \hbox (29.40616pt too wide) in paragraph at lines 27--28
[][] 
 []


pdfTeX warning (ext4): destination with the same identifier (name{page.i}) has 
been already used, duplicate ignored
<to be read again> 
                   \relax 
l.33 \cleardoublepage
                      [1

]
Overfull \hbox (29.40616pt too wide) in paragraph at lines 58--59
[][] 
 []

[2


]) (main.toc
LaTeX Font Info:    Trying to load font information for TS1+lmr on input line 9
.

(C:\Users\louay\AppData\Local\Programs\MiKTeX\tex/latex/lm\ts1lmr.fd
File: ts1lmr.fd 2015/05/01 v1.6.1 Font defs for Latin Modern
) [3


{C:/Users/louay/AppData/Local/Programs/MiKTeX/fonts/enc/dvips/lm/lm-ts1.enc}])
\tf@toc=\write5
\openout5 = `main.toc'.

Package babel Info: 'french' activates 'french' shorthands.
(babel)             Reported on input line 194.

[4] (main.lof)
\tf@lof=\write6
\openout6 = `main.lof'.

 [5


] (main.lot)
\tf@lot=\write7
\openout7 = `main.lot'.

 [6


] (chapters/ch01_bases.tex
Chapitre 1.

Underfull \hbox (badness 10000) in paragraph at lines 52--52
[]|\T1/lmr/m/n/12 (+20) RDV par
 []

[1


]
Underfull \hbox (badness 1152) in paragraph at lines 76--76
[]|\T1/lmr/m/n/12 (+20) Pas de col-la-bo-ra-tion temps
 []

<diagrams-svg/arch_global.png, id=432, 758.835pt x 606.265pt>
File: diagrams-svg/arch_global.png Graphic file (type png)
<use diagrams-svg/arch_global.png>
Package pdftex.def Info: diagrams-svg/arch_global.png  used on input line 88.
(pdftex.def)             Requested size: 361.63776pt x 288.9317pt.
[2]) (chapters/ch02_specification.tex [3 <./diagrams-svg/arch_global.png (PNG c
opy)>]
Chapitre 2.

Overfull \hbox (2.53294pt too wide) in paragraph at lines 24--24
[]|\T1/lmr/bx/n/12 (-20) NÂ\TS1/lmr/bx/n/12 (-20) °| 
 []


Overfull \hbox (2.53294pt too wide) in paragraph at lines 29--29
[]|\T1/lmr/bx/n/12 (-20) NÂ\TS1/lmr/bx/n/12 (-20) °| 
 []


Overfull \hbox (4.10194pt too wide) in paragraph at lines 34--34
[]|\T1/lmr/m/n/12 (-20) EF01| 
 []


Overfull \hbox (4.10194pt too wide) in paragraph at lines 35--35
[]|\T1/lmr/m/n/12 (-20) EF02| 
 []


Underfull \hbox (badness 4279) in paragraph at lines 35--35
[]|\T1/lmr/m/n/12 (+20) RafraĂ\TS1/lmr/m/n/12 (+20) ®\T1/lmr/m/n/12 (+20) chir 
au-to-ma-ti-que-ment le to-ken
 []


Overfull \hbox (4.10194pt too wide) in paragraph at lines 36--36
[]|\T1/lmr/m/n/12 (-20) EF03| 
 []


Overfull \hbox (4.10194pt too wide) in paragraph at lines 37--37
[]|\T1/lmr/m/n/12 (-20) EF04| 
 []


Overfull \hbox (4.10194pt too wide) in paragraph at lines 38--38
[]|\T1/lmr/m/n/12 (-20) EF05| 
 []


Overfull \hbox (5.94006pt too wide) in paragraph at lines 38--38
[]|\T1/lmr/m/n/12 (-20) AdminEntreprise| 
 []


Overfull \hbox (4.10194pt too wide) in paragraph at lines 39--39
[]|\T1/lmr/m/n/12 (-20) EF06| 
 []


Overfull \hbox (5.94006pt too wide) in paragraph at lines 39--39
[]|\T1/lmr/m/n/12 (-20) AdminEntreprise| 
 []


Underfull \hbox (badness 2689) in paragraph at lines 39--39
[]|\T1/lmr/m/n/12 (+20) CrĂ\TS1/lmr/m/n/12 (+20) ©\T1/lmr/m/n/12 (+20) er et gĂ
\TS1/lmr/m/n/12 (+20) ©\T1/lmr/m/n/12 (+20) rer le per-son-nel (chefs,
 []


Overfull \hbox (4.10194pt too wide) in paragraph at lines 40--40
[]|\T1/lmr/m/n/12 (-20) EF07| 
 []


Overfull \hbox (5.94006pt too wide) in paragraph at lines 40--40
[]|\T1/lmr/m/n/12 (-20) AdminEntreprise| 
 []


Overfull \hbox (4.10194pt too wide) in paragraph at lines 41--41
[]|\T1/lmr/m/n/12 (-20) EF08| 
 []


Overfull \hbox (5.94006pt too wide) in paragraph at lines 41--41
[]|\T1/lmr/m/n/12 (-20) AdminEntreprise| 
 []


Overfull \hbox (4.10194pt too wide) in paragraph at lines 42--42
[]|\T1/lmr/m/n/12 (-20) EF09| 
 []


Overfull \hbox (4.10194pt too wide) in paragraph at lines 43--43
[]|\T1/lmr/m/n/12 (-20) EF10| 
 []


Overfull \hbox (4.10194pt too wide) in paragraph at lines 44--44
[]|\T1/lmr/m/n/12 (-20) EF11| 
 []


Overfull \hbox (4.10194pt too wide) in paragraph at lines 45--45
[]|\T1/lmr/m/n/12 (-20) EF12| 
 []


Overfull \hbox (4.10194pt too wide) in paragraph at lines 46--46
[]|\T1/lmr/m/n/12 (-20) EF13| 
 []


Overfull \hbox (4.10194pt too wide) in paragraph at lines 47--47
[]|\T1/lmr/m/n/12 (-20) EF14| 
 []


Overfull \hbox (4.10194pt too wide) in paragraph at lines 48--48
[]|\T1/lmr/m/n/12 (-20) EF15| 
 []


Overfull \hbox (4.10194pt too wide) in paragraph at lines 49--49
[]|\T1/lmr/m/n/12 (-20) EF16| 
 []


Overfull \hbox (4.10194pt too wide) in paragraph at lines 50--50
[]|\T1/lmr/m/n/12 (-20) EF17| 
 []


Overfull \hbox (4.10194pt too wide) in paragraph at lines 51--51
[]|\T1/lmr/m/n/12 (-20) EF18| 
 []


Overfull \hbox (4.10194pt too wide) in paragraph at lines 52--52
[]|\T1/lmr/m/n/12 (-20) EF19| 
 []


Overfull \hbox (4.10194pt too wide) in paragraph at lines 53--53
[]|\T1/lmr/m/n/12 (-20) EF20| 
 []


Underfull \hbox (badness 10000) in paragraph at lines 53--53
[]|\T1/lmr/m/n/12 (+20) RĂ\TS1/lmr/m/n/12 (+20) ©\T1/lmr/m/n/12 (+20) viser le 
rap-port d'exa-men du
 []


Overfull \hbox (4.10194pt too wide) in paragraph at lines 54--54
[]|\T1/lmr/m/n/12 (-20) EF21| 
 []


Overfull \hbox (4.10194pt too wide) in paragraph at lines 55--55
[]|\T1/lmr/m/n/12 (-20) EF22| 
 []


Overfull \hbox (4.10194pt too wide) in paragraph at lines 56--56
[]|\T1/lmr/m/n/12 (-20) EF23| 
 []


Overfull \hbox (4.10194pt too wide) in paragraph at lines 57--57
[]|\T1/lmr/m/n/12 (-20) EF24| 
 []


Overfull \hbox (4.10194pt too wide) in paragraph at lines 58--58
[]|\T1/lmr/m/n/12 (-20) EF25| 
 []


Overfull \hbox (4.10194pt too wide) in paragraph at lines 59--59
[]|\T1/lmr/m/n/12 (-20) EF26| 
 []


Overfull \hbox (4.10194pt too wide) in paragraph at lines 60--60
[]|\T1/lmr/m/n/12 (-20) EF27| 
 []


Overfull \hbox (5.94006pt too wide) in paragraph at lines 60--60
[]|\T1/lmr/m/n/12 (-20) AdminEntreprise| 
 []


Underfull \hbox (badness 10000) in paragraph at lines 60--60
[]|\T1/lmr/m/n/12 (+20) GĂ\TS1/lmr/m/n/12 (+20) ©\T1/lmr/m/n/12 (+20) rer l'in-
ven-taire des piĂ\TS1/lmr/m/n/12 (+20) ¨\T1/lmr/m/n/12 (+20) ces
 []


Overfull \hbox (4.10194pt too wide) in paragraph at lines 61--61
[]|\T1/lmr/m/n/12 (-20) EF28| 
 []


ignored: Infinite glue shrinkage found in box being split [4

]
<diagrams-svg/uc_global.png, id=446, 762.85pt x 1416.29124pt>
File: diagrams-svg/uc_global.png Graphic file (type png)
<use diagrams-svg/uc_global.png>
Package pdftex.def Info: diagrams-svg/uc_global.png  used on input line 69.
(pdftex.def)             Requested size: 190.02525pt x 352.7969pt.
 [5]
<diagrams-svg/class_global.png, id=451, 499.8675pt x 3046.38126pt>
File: diagrams-svg/class_global.png Graphic file (type png)
<use diagrams-svg/class_global.png>
Package pdftex.def Info: diagrams-svg/class_global.png  used on input line 79.
(pdftex.def)             Requested size: 57.89162pt x 352.81337pt.
 [6 <./diagrams-svg/uc_global.png (PNG copy)>]
Overfull \hbox (17.51213pt too wide) in paragraph at lines 91--91
[]|\T1/lmr/bx/n/12 (-20) PrioritĂ\TS1/lmr/bx/n/12 (-20) ©| 
 []


Overfull \hbox (17.51213pt too wide) in paragraph at lines 96--96
[]|\T1/lmr/bx/n/12 (-20) PrioritĂ\TS1/lmr/bx/n/12 (-20) ©| 
 []


Overfull \hbox (3.78197pt too wide) in paragraph at lines 101--101
[]|\T1/lmr/m/n/12 (-20) US01| 
 []


Underfull \hbox (badness 10000) in paragraph at lines 101--101
[]|\T1/lmr/m/n/12 (+20) Sprint
 []


Overfull \hbox (3.78197pt too wide) in paragraph at lines 102--102
[]|\T1/lmr/m/n/12 (-20) US02| 
 []


Underfull \hbox (badness 10000) in paragraph at lines 102--102
[]|\T1/lmr/m/n/12 (+20) Sprint
 []


Overfull \hbox (3.78197pt too wide) in paragraph at lines 103--103
[]|\T1/lmr/m/n/12 (-20) US03| 
 []


Underfull \hbox (badness 10000) in paragraph at lines 103--103
[]|\T1/lmr/m/n/12 (+20) Sprint
 []


Overfull \hbox (3.78197pt too wide) in paragraph at lines 104--104
[]|\T1/lmr/m/n/12 (-20) US04| 
 []


Overfull \hbox (12.33728pt too wide) in paragraph at lines 104--104
[]|[]\T1/lmr/bx/n/12 (-20) Moyenne[]| 
 []


Underfull \hbox (badness 10000) in paragraph at lines 104--104
[]|\T1/lmr/m/n/12 (+20) Sprint
 []


Overfull \hbox (3.78197pt too wide) in paragraph at lines 105--105
[]|\T1/lmr/m/n/12 (-20) US05| 
 []


Underfull \hbox (badness 10000) in paragraph at lines 105--105
[]|\T1/lmr/m/n/12 (+20) Sprint
 []


Overfull \hbox (3.78197pt too wide) in paragraph at lines 106--106
[]|\T1/lmr/m/n/12 (-20) US06| 
 []


Overfull \hbox (17.32143pt too wide) in paragraph at lines 106--106
[]|\T1/lmr/m/n/12 (-20) AdminEntreprise| 
 []


Underfull \hbox (badness 10000) in paragraph at lines 106--106
[]|\T1/lmr/m/n/12 (+20) Sprint
 []


Overfull \hbox (3.78197pt too wide) in paragraph at lines 107--107
[]|\T1/lmr/m/n/12 (-20) US07| 
 []


Overfull \hbox (17.32143pt too wide) in paragraph at lines 107--107
[]|\T1/lmr/m/n/12 (-20) AdminEntreprise| 
 []


Underfull \hbox (badness 10000) in paragraph at lines 107--107
[]|\T1/lmr/m/n/12 (+20) Sprint
 []


Overfull \hbox (3.78197pt too wide) in paragraph at lines 108--108
[]|\T1/lmr/m/n/12 (-20) US08| 
 []


Underfull \hbox (badness 4543) in paragraph at lines 108--108
[]|\T1/lmr/m/n/12 (+20) Enregistrer et gĂ\TS1/lmr/m/n/12 (+20) ©\T1/lmr/m/n/12 
(+20) rer ses
 []


Underfull \hbox (badness 10000) in paragraph at lines 108--108
[]|\T1/lmr/m/n/12 (+20) Sprint
 []


Overfull \hbox (3.78197pt too wide) in paragraph at lines 109--109
[]|\T1/lmr/m/n/12 (-20) US09| 
 []


Overfull \hbox (17.32143pt too wide) in paragraph at lines 109--109
[]|\T1/lmr/m/n/12 (-20) AdminEntreprise| 
 []


Underfull \hbox (badness 10000) in paragraph at lines 109--109
[]|\T1/lmr/m/n/12 (+20) GĂ\TS1/lmr/m/n/12 (+20) ©\T1/lmr/m/n/12 (+20) rer l'in-
ven-taire des
 []


Overfull \hbox (12.33728pt too wide) in paragraph at lines 109--109
[]|[]\T1/lmr/bx/n/12 (-20) Moyenne[]| 
 []


Underfull \hbox (badness 10000) in paragraph at lines 109--109
[]|\T1/lmr/m/n/12 (+20) Sprint
 []


Overfull \hbox (3.78197pt too wide) in paragraph at lines 110--110
[]|\T1/lmr/m/n/12 (-20) US10| 
 []


Underfull \hbox (badness 6032) in paragraph at lines 110--110
[]|\T1/lmr/m/n/12 (+20) Soumettre un rap-port de
 []


Underfull \hbox (badness 10000) in paragraph at lines 110--110
[]|\T1/lmr/m/n/12 (+20) Sprint
 []


Overfull \hbox (3.78197pt too wide) in paragraph at lines 111--111
[]|\T1/lmr/m/n/12 (-20) US11| 
 []


Underfull \hbox (badness 10000) in paragraph at lines 111--111
[]|\T1/lmr/m/n/12 (+20) Sprint
 []


Overfull \hbox (3.78197pt too wide) in paragraph at lines 112--112
[]|\T1/lmr/m/n/12 (-20) US12| 
 []


Underfull \hbox (badness 10000) in paragraph at lines 112--112
[]|\T1/lmr/m/n/12 (+20) Sprint
 []


Overfull \hbox (3.78197pt too wide) in paragraph at lines 113--113
[]|\T1/lmr/m/n/12 (-20) US13| 
 []


Underfull \hbox (badness 10000) in paragraph at lines 113--113
[]|\T1/lmr/m/n/12 (+20) Sprint
 []


Overfull \hbox (3.78197pt too wide) in paragraph at lines 114--114
[]|\T1/lmr/m/n/12 (-20) US14| 
 []


Underfull \hbox (badness 7981) in paragraph at lines 114--114
[]|\T1/lmr/m/n/12 (+20) Approuver ou re-fu-ser un
 []


Underfull \hbox (badness 10000) in paragraph at lines 114--114
[]|\T1/lmr/m/n/12 (+20) Sprint
 []


Overfull \hbox (3.78197pt too wide) in paragraph at lines 115--115
[]|\T1/lmr/m/n/12 (-20) US15| 
 []


Underfull \hbox (badness 2027) in paragraph at lines 115--115
[]|\T1/lmr/m/n/12 (+20) Assigner des mĂ\TS1/lmr/m/n/12 (+20) ©\T1/lmr/m/n/12 (+
20) caniciens
 []


Underfull \hbox (badness 10000) in paragraph at lines 115--115
[]|\T1/lmr/m/n/12 (+20) Sprint
 []


Overfull \hbox (3.78197pt too wide) in paragraph at lines 116--116
[]|\T1/lmr/m/n/12 (-20) US16| 
 []


Underfull \hbox (badness 1642) in paragraph at lines 116--116
[]|\T1/lmr/m/n/12 (+20) Consulter ses tĂ\TS1/lmr/m/n/12 (+20) ˘\T1/lmr/m/n/12 (
+20) ches as-si-
 []


Underfull \hbox (badness 10000) in paragraph at lines 116--116
[]|\T1/lmr/m/n/12 (+20) Sprint
 []


Overfull \hbox (3.78197pt too wide) in paragraph at lines 117--117
[]|\T1/lmr/m/n/12 (-20) US17| 
 []


Underfull \hbox (badness 10000) in paragraph at lines 117--117
[]|\T1/lmr/m/n/12 (+20) Sprint
 []


Overfull \hbox (3.78197pt too wide) in paragraph at lines 118--118
[]|\T1/lmr/m/n/12 (-20) US18| 
 []


Underfull \hbox (badness 10000) in paragraph at lines 118--118
[]|\T1/lmr/m/n/12 (+20) Sprint
 []


Overfull \hbox (3.78197pt too wide) in paragraph at lines 119--119
[]|\T1/lmr/m/n/12 (-20) US19| 
 []


Underfull \hbox (badness 10000) in paragraph at lines 119--119
[]|\T1/lmr/m/n/12 (+20) Sprint
 []


Overfull \hbox (3.78197pt too wide) in paragraph at lines 120--120
[]|\T1/lmr/m/n/12 (-20) US20| 
 []


Underfull \hbox (badness 10000) in paragraph at lines 120--120
[]|\T1/lmr/m/n/12 (+20) Sprint
 []


Overfull \hbox (3.78197pt too wide) in paragraph at lines 121--121
[]|\T1/lmr/m/n/12 (-20) US21| 
 []


Underfull \hbox (badness 10000) in paragraph at lines 121--121
[]|\T1/lmr/m/n/12 (+20) Soumettre la fin de
 []


Underfull \hbox (badness 10000) in paragraph at lines 121--121
[]|\T1/lmr/m/n/12 (+20) Sprint
 []


Overfull \hbox (3.78197pt too wide) in paragraph at lines 122--122
[]|\T1/lmr/m/n/12 (-20) US22| 
 []


Underfull \hbox (badness 10000) in paragraph at lines 122--122
[]|\T1/lmr/m/n/12 (+20) Sprint
 []


Overfull \hbox (3.78197pt too wide) in paragraph at lines 123--123
[]|\T1/lmr/m/n/12 (-20) US23| 
 []


Overfull \hbox (17.32143pt too wide) in paragraph at lines 123--123
[]|\T1/lmr/m/n/12 (-20) AdminEntreprise| 
 []


Underfull \hbox (badness 10000) in paragraph at lines 123--123
[]|\T1/lmr/m/n/12 (+20) Sprint
 []


Overfull \hbox (3.78197pt too wide) in paragraph at lines 124--124
[]|\T1/lmr/m/n/12 (-20) US24| 
 []


Underfull \hbox (badness 10000) in paragraph at lines 124--124
[]|\T1/lmr/m/n/12 (+20) Sprint
 []


Overfull \hbox (3.78197pt too wide) in paragraph at lines 125--125
[]|\T1/lmr/m/n/12 (-20) US25| 
 []


Overfull \hbox (12.33728pt too wide) in paragraph at lines 125--125
[]|[]\T1/lmr/bx/n/12 (-20) Moyenne[]| 
 []


Underfull \hbox (badness 10000) in paragraph at lines 125--125
[]|\T1/lmr/m/n/12 (+20) Sprint
 []


Overfull \hbox (3.78197pt too wide) in paragraph at lines 126--126
[]|\T1/lmr/m/n/12 (-20) US26| 
 []


Overfull \hbox (12.33728pt too wide) in paragraph at lines 126--126
[]|[]\T1/lmr/bx/n/12 (-20) Moyenne[]| 
 []


Underfull \hbox (badness 10000) in paragraph at lines 126--126
[]|\T1/lmr/m/n/12 (+20) Sprint
 []


Overfull \hbox (3.78197pt too wide) in paragraph at lines 127--127
[]|\T1/lmr/m/n/12 (-20) US27| 
 []


Overfull \hbox (35.37314pt too wide) in paragraph at lines 127--127
[]|\T1/lmr/m/n/12 (-20) Client/MĂ\TS1/lmr/m/n/12 (-20) ©\T1/lmr/m/n/12 (-20) ca
nicien| 
 []


Overfull \hbox (12.33728pt too wide) in paragraph at lines 127--127
[]|[]\T1/lmr/bx/n/12 (-20) Moyenne[]| 
 []


Underfull \hbox (badness 10000) in paragraph at lines 127--127
[]|\T1/lmr/m/n/12 (+20) Sprint
 []


ignored: Infinite glue shrinkage found in box being split [7 <./diagrams-svg/class_globa
l.png (PNG copy)>]
ignored: Infinite glue shrinkage found in box being split [8]
(C:\Users\louay\AppData\Local\Programs\MiKTeX\tex/latex/lm\t1lmtt.fd)
Underfull \hbox (badness 10000) in paragraph at lines 149--149
[]|\T1/lmr/m/n/12 (+20) Architecture sta-te-less ; front-end dĂ\TS1/lmr/m/n/12 
(+20) ©\T1/lmr/m/n/12 (+20) couplĂ\TS1/lmr/m/n/12 (+20) © \T1/lmr/m/n/12 (+20) 
; ser-vices
 []


Underfull \hbox (badness 10000) in paragraph at lines 149--149
[]|\T1/lmr/m/n/12 (+20) Docker Com-pose avec heal-th-checks et \T1/lmtt/m/n/12 
restart:
 []

[9{C:/Users/louay/AppData/Local/Programs/MiKTeX/fonts/enc/dvips/lm/lm-mathit.en
c}{C:/Users/louay/AppData/Local/Programs/MiKTeX/fonts/enc/dvips/lm/lm-mathsy.en
c}{C:/Users/louay/AppData/Local/Programs/MiKTeX/fonts/enc/dvips/lm/lm-rm.enc}])
(chapters/ch03_sprint1.tex [10]
Chapitre 3.
[11

]
<diagrams-svg/uc_s1.png, id=482, 775.89874pt x 524.96124pt>
File: diagrams-svg/uc_s1.png Graphic file (type png)
<use diagrams-svg/uc_s1.png>
Package pdftex.def Info: diagrams-svg/uc_s1.png  used on input line 54.
(pdftex.def)             Requested size: 361.63776pt x 244.68118pt.
<diagrams-svg/class_s1.png, id=483, 438.63875pt x 929.4725pt>
File: diagrams-svg/class_s1.png Graphic file (type png)
<use diagrams-svg/class_s1.png>
Package pdftex.def Info: diagrams-svg/class_s1.png  used on input line 63.
(pdftex.def)             Requested size: 205.62479pt x 435.71753pt.
 [12 <./diagrams-svg/uc_s1.png (PNG copy)>]
<diagrams-svg/seq_s1_login.png, id=494, 997.7275pt x 827.09pt>
File: diagrams-svg/seq_s1_login.png Graphic file (type png)
<use diagrams-svg/seq_s1_login.png>
Package pdftex.def Info: diagrams-svg/seq_s1_login.png  used on input line 77.
(pdftex.def)             Requested size: 646.55914pt x 535.99934pt.

Overfull \hbox (205.54141pt too wide) in paragraph at lines 77--78
 [][] 
 []

[13 <./diagrams-svg/class_s1.png (PNG copy)>] [14 <./diagrams-svg/seq_s1_login.
png (PNG copy)>]) (chapters/ch04_sprint2.tex [15]
Chapitre 4.

Underfull \hbox (badness 3049) in paragraph at lines 32--32
[]|\T1/lmr/m/n/12 (+20) AdminEntreprise : gĂ\TS1/lmr/m/n/12 (+20) ©\T1/lmr/m/n/
12 (+20) rer le per-son-nel (chefs,
 []


Overfull \hbox (82.86974pt too wide) in paragraph at lines 40--42
[]\T1/lmr/m/n/12 (-20) Commandes CQRS : \T1/lmtt/m/n/12 CreateGarageCommand\T1/
lmr/m/n/12 (-20) , \T1/lmtt/m/n/12 CreateVehicleCommand\T1/lmr/m/n/12 (-20) , \
T1/lmtt/m/n/12 CreateSparePartCommand\T1/lmr/m/n/12 (-20) ,
 []

[16

]
Overfull \hbox (49.79608pt too wide) in paragraph at lines 43--45
[]\T1/lmr/m/n/12 (-20) ContrĂ\TS1/lmr/m/n/12 (-20) ´\T1/lmr/m/n/12 (-20) leurs 
REST : \T1/lmtt/m/n/12 GaragesController\T1/lmr/m/n/12 (-20) , \T1/lmtt/m/n/12 
VehiclesController\T1/lmr/m/n/12 (-20) , \T1/lmtt/m/n/12 SparePartsController\T
1/lmr/m/n/12 (-20) . 
 []

<diagrams-svg/uc_s2.png, id=513, 448.67625pt x 530.98375pt>
File: diagrams-svg/uc_s2.png Graphic file (type png)
<use diagrams-svg/uc_s2.png>
Package pdftex.def Info: diagrams-svg/uc_s2.png  used on input line 55.
(pdftex.def)             Requested size: 374.86775pt x 443.64937pt.
<diagrams-svg/class_s2.png, id=514, 484.81125pt x 928.46875pt>
File: diagrams-svg/class_s2.png Graphic file (type png)
<use diagrams-svg/class_s2.png>
Package pdftex.def Info: diagrams-svg/class_s2.png  used on input line 64.
(pdftex.def)             Requested size: 227.52103pt x 435.72868pt.
[17 <./diagrams-svg/uc_s2.png (PNG copy)>]
<diagrams-svg/seq_s2_garage.png, id=524, 891.33pt x 675.52374pt>
File: diagrams-svg/seq_s2_garage.png Graphic file (type png)
<use diagrams-svg/seq_s2_garage.png>
Package pdftex.def Info: diagrams-svg/seq_s2_garage.png  used on input line 78.

(pdftex.def)             Requested size: 646.55914pt x 490.01532pt.

Overfull \hbox (205.54141pt too wide) in paragraph at lines 78--79
 [][] 
 []

[18 <./diagrams-svg/class_s2.png (PNG copy)>]) (chapters/ch05_sprint3.tex
[19 <./diagrams-svg/seq_s2_garage.png (PNG copy)>]
Chapitre 5.
[20

]
Overfull \hbox (116.04103pt too wide) in paragraph at lines 44--47
[]\T1/lmr/m/n/12 (-20) Commandes : \T1/lmtt/m/n/12 CreateSymptomReportCommand\T
1/lmr/m/n/12 (-20) , \T1/lmtt/m/n/12 AddChefFeedbackCommand\T1/lmr/m/n/12 (-20)
 , \T1/lmtt/m/n/12 CreateAppointmentCommand\T1/lmr/m/n/12 (-20) ,
 []

<diagrams-svg/uc_s3.png, id=538, 861.2175pt x 529.98pt>
File: diagrams-svg/uc_s3.png Graphic file (type png)
<use diagrams-svg/uc_s3.png>
Package pdftex.def Info: diagrams-svg/uc_s3.png  used on input line 58.
(pdftex.def)             Requested size: 374.86775pt x 230.69307pt.
<diagrams-svg/rag_pipeline.png, id=539, 342.27875pt x 1014.79124pt>
File: diagrams-svg/rag_pipeline.png Graphic file (type png)
<use diagrams-svg/rag_pipeline.png>
Package pdftex.def Info: diagrams-svg/rag_pipeline.png  used on input line 67.
(pdftex.def)             Requested size: 374.86775pt x 1111.48914pt.
[21 <./diagrams-svg/uc_s3.png (PNG copy)>] [22]
Overfull \vbox (469.0486pt too high) has occurred while \output is active []


[23 <./diagrams-svg/rag_pipeline.png (PNG copy)>]
<diagrams-svg/class_s3.png, id=558, 395.4775pt x 1470.49374pt>
File: diagrams-svg/class_s3.png Graphic file (type png)
<use diagrams-svg/class_s3.png>
Package pdftex.def Info: diagrams-svg/class_s3.png  used on input line 76.
(pdftex.def)             Requested size: 117.1838pt x 435.72156pt.
<diagrams-svg/seq_s3_symptom.png, id=559, 1457.445pt x 892.33376pt>
File: diagrams-svg/seq_s3_symptom.png Graphic file (type png)
<use diagrams-svg/seq_s3_symptom.png>
Package pdftex.def Info: diagrams-svg/seq_s3_symptom.png  used on input line 91
.
(pdftex.def)             Requested size: 646.55914pt x 395.85504pt.

Overfull \hbox (205.54141pt too wide) in paragraph at lines 91--92
 [][] 
 []

[24 <./diagrams-svg/class_s3.png (PNG copy)>]) (chapters/ch06_sprint4.tex
[25 <./diagrams-svg/seq_s3_symptom.png (PNG copy)>]
Chapitre 6.
[26

]
<diagrams-svg/uc_s4.png, id=573, 460.72125pt x 988.69376pt>
File: diagrams-svg/uc_s4.png Graphic file (type png)
<use diagrams-svg/uc_s4.png>
Package pdftex.def Info: diagrams-svg/uc_s4.png  used on input line 52.
(pdftex.def)             Requested size: 189.94441pt x 407.61491pt.
 [27]
<diagrams-svg/lifecycle.png, id=578, 370.38374pt x 1533.73pt>
File: diagrams-svg/lifecycle.png Graphic file (type png)
<use diagrams-svg/lifecycle.png>
Package pdftex.def Info: diagrams-svg/lifecycle.png  used on input line 61.
(pdftex.def)             Requested size: 317.5333pt x 1314.88663pt.
 [28 <./diagrams-svg/uc_s4.png (PNG copy)>]
Overfull \vbox (672.44609pt too high) has occurred while \output is active []


[29 <./diagrams-svg/lifecycle.png (PNG copy)>]
<diagrams-svg/class_s4.png, id=587, 579.16376pt x 1347.0325pt>
File: diagrams-svg/class_s4.png Graphic file (type png)
<use diagrams-svg/class_s4.png>
Package pdftex.def Info: diagrams-svg/class_s4.png  used on input line 70.
(pdftex.def)             Requested size: 187.34225pt x 435.72498pt.
<diagrams-svg/seq_s4_invoice.png, id=588, 1311.90125pt x 1158.3275pt>
File: diagrams-svg/seq_s4_invoice.png Graphic file (type png)
<use diagrams-svg/seq_s4_invoice.png>
Package pdftex.def Info: diagrams-svg/seq_s4_invoice.png  used on input line 85
.
(pdftex.def)             Requested size: 646.55914pt x 570.87292pt.

Overfull \hbox (205.54141pt too wide) in paragraph at lines 85--86
 [][] 
 []

[30 <./diagrams-svg/class_s4.png (PNG copy)>]) (chapters/conclusion.tex
[31 <./diagrams-svg/seq_s4_invoice.png (PNG copy)>] [32] [33

]
Overfull \hbox (1.47267pt too wide) in paragraph at lines 63--65
[]\T1/lmr/bx/n/12 (-20) Calendrier in-ter-ac-tif \T1/lmr/m/n/12 (-20) : vue men
-suelle des rendez-vous via \T1/lmtt/m/n/12 @fullcalendar/angular
 []

[34]) [35


] (main.aux)
 ***********
LaTeX2e <2025-11-01>
L3 programming layer <2026-03-20>
 ***********


LaTeX Font Warning: Some font shapes were not available, defaults substituted.

Package rerunfilecheck Info: File `main.out' has not changed.
(rerunfilecheck)             Checksum: 91D5C16815DCC99D71C281A663870239;10872.
 ) 
Here is how much of TeX's memory you used:
 40594 strings out of 467691
 927329 string characters out of 5414988
 1512812 words of memory out of 5000000
 68536 multiletter control sequences out of 15000+600000
 727372 words of font info for 230 fonts, out of 8000000 for 9000
 1141 hyphenation exceptions out of 8191
 102i,12n,107p,1003b,783s stack positions out of 10000i,1000n,20000p,200000b,200000s
<C:/Users/louay/AppData/Local/Programs/MiKTeX/fonts/type1/public/lm/lmbx10.pf
b><C:/Users/louay/AppData/Local/Programs/MiKTeX/fonts/type1/public/lm/lmbx12.pf
b><C:/Users/louay/AppData/Local/Programs/MiKTeX/fonts/type1/public/lm/lmbxi10.p
fb><C:/Users/louay/AppData/Local/Programs/MiKTeX/fonts/type1/public/lm/lmcsc10.
pfb><C:/Users/louay/AppData/Local/Programs/MiKTeX/fonts/type1/public/lm/lmmi12.
pfb><C:/Users/louay/AppData/Local/Programs/MiKTeX/fonts/type1/public/lm/lmr10.p
fb><C:/Users/louay/AppData/Local/Programs/MiKTeX/fonts/type1/public/lm/lmr12.pf
b><C:/Users/louay/AppData/Local/Programs/MiKTeX/fonts/type1/public/lm/lmr8.pfb>
<C:/Users/louay/AppData/Local/Programs/MiKTeX/fonts/type1/public/lm/lmri10.pfb>
<C:/Users/louay/AppData/Local/Programs/MiKTeX/fonts/type1/public/lm/lmri12.pfb>
<C:/Users/louay/AppData/Local/Programs/MiKTeX/fonts/type1/public/lm/lmsy10.pfb>
<C:/Users/louay/AppData/Local/Programs/MiKTeX/fonts/type1/public/lm/lmtt12.pfb>

Output written on main.pdf (42 pages, 1713092 bytes).
PDF statistics:
 751 PDF objects out of 1000 (max. 8388607)
 165 named destinations out of 1000 (max. 500000)
 66724 words of extra memory for PDF output out of 74296 (max. 10000000)

